0 info it worked if it ends with ok
1 verbose cli [ '/usr/local/bin/node',
1 verbose cli   '/usr/local/bin/npm',
1 verbose cli   'install',
1 verbose cli   '--save',
1 verbose cli   'antd@2.60' ]
2 info using npm@3.10.10
3 info using node@v6.9.5
4 silly loadCurrentTree Starting
5 silly install loadCurrentTree
6 silly install readLocalPackageData
7 silly fetchPackageMetaData antd@2.60
8 silly fetchNamedPackageData antd
9 silly mapToRegistry name antd
10 silly mapToRegistry using default registry
11 silly mapToRegistry registry https://registry.npmjs.org/
12 silly mapToRegistry data Result {
12 silly mapToRegistry   raw: 'antd',
12 silly mapToRegistry   scope: null,
12 silly mapToRegistry   escapedName: 'antd',
12 silly mapToRegistry   name: 'antd',
12 silly mapToRegistry   rawSpec: '',
12 silly mapToRegistry   spec: 'latest',
12 silly mapToRegistry   type: 'tag' }
13 silly mapToRegistry uri https://registry.npmjs.org/antd
14 verbose request uri https://registry.npmjs.org/antd
15 verbose request no auth needed
16 info attempt registry request try #1 at 10:24:16 AM
17 verbose request id ba4c9bbe55c78bf9
18 verbose etag W/"58a6cc11-edb5d"
19 verbose lastModified Fri, 17 Feb 2017 10:10:25 GMT
20 http request GET https://registry.npmjs.org/antd
21 http 304 https://registry.npmjs.org/antd
22 verbose headers { date: 'Wed, 22 Feb 2017 02:24:17 GMT',
22 verbose headers   via: '1.1 varnish',
22 verbose headers   'cache-control': 'max-age=300',
22 verbose headers   etag: 'W/"58a6cc11-edb5d"',
22 verbose headers   age: '5',
22 verbose headers   connection: 'keep-alive',
22 verbose headers   'x-served-by': 'cache-hkg6820-HKG',
22 verbose headers   'x-cache': 'HIT',
22 verbose headers   'x-cache-hits': '1',
22 verbose headers   'x-timer': 'S1487730257.023368,VS0,VE0',
22 verbose headers   vary: 'Accept-Encoding' }
23 silly get cb [ 304,
23 silly get   { date: 'Wed, 22 Feb 2017 02:24:17 GMT',
23 silly get     via: '1.1 varnish',
23 silly get     'cache-control': 'max-age=300',
23 silly get     etag: 'W/"58a6cc11-edb5d"',
23 silly get     age: '5',
23 silly get     connection: 'keep-alive',
23 silly get     'x-served-by': 'cache-hkg6820-HKG',
23 silly get     'x-cache': 'HIT',
23 silly get     'x-cache-hits': '1',
23 silly get     'x-timer': 'S1487730257.023368,VS0,VE0',
23 silly get     vary: 'Accept-Encoding' } ]
24 verbose etag https://registry.npmjs.org/antd from cache
25 verbose get saving antd to /Users/i310258/.npm/registry.npmjs.org/antd/.cache.json
26 verbose correctMkdir /Users/i310258/.npm correctMkdir not in flight; initializing
27 silly fetchNamedPackageData No valid target from cache, forcing network
28 verbose request uri https://registry.npmjs.org/antd
29 verbose request no auth needed
30 info attempt registry request try #1 at 10:24:17 AM
31 http request GET https://registry.npmjs.org/antd
32 http 200 https://registry.npmjs.org/antd
33 verbose headers { server: 'nginx/1.10.1',
33 verbose headers   'content-type': 'application/json',
33 verbose headers   'last-modified': 'Fri, 17 Feb 2017 10:10:25 GMT',
33 verbose headers   etag: 'W/"58a6cc11-edb5d"',
33 verbose headers   'content-encoding': 'gzip',
33 verbose headers   'cache-control': 'max-age=300',
33 verbose headers   'content-length': '41613',
33 verbose headers   'accept-ranges': 'bytes',
33 verbose headers   date: 'Wed, 22 Feb 2017 02:24:17 GMT',
33 verbose headers   via: '1.1 varnish',
33 verbose headers   age: '5',
33 verbose headers   connection: 'keep-alive',
33 verbose headers   'x-served-by': 'cache-hkg6820-HKG',
33 verbose headers   'x-cache': 'HIT',
33 verbose headers   'x-cache-hits': '2',
33 verbose headers   'x-timer': 'S1487730257.156608,VS0,VE0',
33 verbose headers   vary: 'Accept-Encoding' }
34 silly get cb [ 200,
34 silly get   { server: 'nginx/1.10.1',
34 silly get     'content-type': 'application/json',
34 silly get     'last-modified': 'Fri, 17 Feb 2017 10:10:25 GMT',
34 silly get     etag: 'W/"58a6cc11-edb5d"',
34 silly get     'content-encoding': 'gzip',
34 silly get     'cache-control': 'max-age=300',
34 silly get     'content-length': '41613',
34 silly get     'accept-ranges': 'bytes',
34 silly get     date: 'Wed, 22 Feb 2017 02:24:17 GMT',
34 silly get     via: '1.1 varnish',
34 silly get     age: '5',
34 silly get     connection: 'keep-alive',
34 silly get     'x-served-by': 'cache-hkg6820-HKG',
34 silly get     'x-cache': 'HIT',
34 silly get     'x-cache-hits': '2',
34 silly get     'x-timer': 'S1487730257.156608,VS0,VE0',
34 silly get     vary: 'Accept-Encoding' } ]
35 verbose get saving antd to /Users/i310258/.npm/registry.npmjs.org/antd/.cache.json
36 verbose correctMkdir /Users/i310258/.npm correctMkdir not in flight; initializing
37 silly fetchPackageMetaData Error: No compatible version found: antd@2.60
37 silly fetchPackageMetaData Valid install targets:
37 silly fetchPackageMetaData 2.7.2, 2.7.1, 2.7.0, 2.6.4, 2.6.3, 2.6.2, 2.6.1, 2.6.0, 2.5.3, 2.5.2, 2.5.1, 2.5.0, 2.4.3, 2.4.2, 2.4.1, 2.4.0, 2.3.2, 2.3.1, 2.3.0, 2.2.1, 2.2.0, 2.1.0, 2.0.1, 2.0.0, 2.0.0-beta.13, 2.0.0-beta.12, 2.0.0-beta.11, 2.0.0-beta.10, 2.0.0-beta.9, 2.0.0-beta.8, 2.0.0-beta.7, 2.0.0-beta.6, 2.0.0-beta.5, 2.0.0-beta.4, 2.0.0-beta.3, 2.0.0-beta.2, 2.0.0-beta.1, 2.0.0-beta.0, 1.11.6, 1.11.5, 1.11.4, 1.11.3, 1.11.2, 1.11.1, 1.11.0, 1.10.0, 1.9.1, 1.9.0, 1.8.0, 1.7.0, 1.6.5, 1.6.4, 1.6.3, 1.6.2, 1.6.1, 1.6.0, 1.5.1, 1.5.0, 1.4.1, 1.4.0, 1.3.2, 1.3.1, 1.3.0, 1.2.1, 1.2.0, 1.1.0, 1.0.1, 1.0.0, 1.0.0-beta.10, 1.0.0-beta.9, 1.0.0-beta.8, 1.0.0-beta.7, 1.0.0-beta.6, 1.0.0-beta.5, 1.0.0-beta.4, 1.0.0-beta.3, 1.0.0-beta.2, 1.0.0-beta.1, 1.0.0-beta.0, 1.0.0-beta, 0.12.17, 0.12.16, 0.12.15, 0.12.14, 0.12.13, 0.12.12, 0.12.11, 0.12.11-beta, 0.12.10, 0.12.8, 0.12.7, 0.12.6, 0.12.5, 0.12.4, 0.12.3, 0.12.2, 0.12.1, 0.12.0, 0.12.0-beta.34, 0.12.0-beta.33, 0.12.0-beta.32, 0.12.0-beta.31, 0.12.0-beta.30, 0.12.0-beta.29, 0.12.0-beta.28, 0.12.0-beta.27, 0.12.0-beta.26, 0.12.0-beta.25, 0.12.0-beta.24, 0.12.0-beta.23, 0.12.0-beta.22, 0.12.0-beta.21, 0.12.0-beta.20, 0.12.0-beta.19, 0.12.0-beta.18, 0.12.0-beta.17, 0.12.0-beta.16, 0.12.0-beta.15, 0.12.0-beta.14, 0.12.0-beta.13, 0.12.0-beta.12, 0.12.0-beta.11, 0.12.0-beta.10, 0.11.3, 0.11.2, 0.11.1, 0.11.0, 0.11.0-beta6, 0.11.0-beta5, 0.11.0-beta4, 0.11.0-beta3, 0.11.0-beta2, 0.11.0-beta1, 0.10.5, 0.10.4, 0.10.3, 0.10.2, 0.10.1, 0.10.0, 0.10.0-beta9, 0.10.0-beta8, 0.10.0-beta7, 0.10.0-beta6, 0.10.0-beta5, 0.10.0-beta4, 0.10.0-beta30, 0.10.0-beta3, 0.10.0-beta29, 0.10.0-beta28, 0.10.0-beta27, 0.10.0-beta26, 0.10.0-beta25, 0.10.0-beta23, 0.10.0-beta22, 0.10.0-beta21, 0.10.0-beta20, 0.10.0-beta2, 0.10.0-beta19, 0.10.0-beta18, 0.10.0-beta17, 0.10.0-beta16, 0.10.0-beta15, 0.10.0-beta14, 0.10.0-beta13, 0.10.0-beta12, 0.10.0-beta11, 0.10.0-beta10, 0.9.5, 0.9.4, 0.9.3, 0.9.2, 0.9.1, 0.9.1-beta9, 0.9.1-beta7, 0.9.1-beta6, 0.9.1-beta5, 0.9.1-beta4, 0.9.1-beta3, 0.9.1-beta2, 0.9.1-beta13, 0.9.1-beta12, 0.9.1-beta11, 0.9.1-beta10, 0.9.1-beta1, 0.9.0, 0.9.0-beta9, 0.9.0-beta8, 0.9.0-beta7, 0.9.0-beta6, 0.9.0-beta5, 0.9.0-beta4, 0.9.0-beta3, 0.9.0-beta2, 0.9.0-beta10, 0.9.0-beta1, 0.8.1-beta1, 0.8.0, 0.8.0-beta7, 0.8.0-beta6, 0.8.0-beta5, 0.8.0-beta4, 0.8.0-beta3, 0.8.0-beta2, 0.8.0-beta1, 0.7.3, 0.7.3-beta6, 0.7.3-beta5, 0.7.3-beta4, 0.7.3-beta3, 0.7.3-beta2, 0.7.3-beta1, 0.7.2, 0.7.1, 0.7.0, 0.7.0-beta3, 0.7.0-beta2, 0.7.0-beta1, 0.1.0-pre, 0.1.0-beta2, 0.0.1
37 silly fetchPackageMetaData
37 silly fetchPackageMetaData     at pickVersionFromRegistryDocument (/usr/local/lib/node_modules/npm/lib/fetch-package-metadata.js:178:16)
37 silly fetchPackageMetaData     at /usr/local/lib/node_modules/npm/node_modules/iferr/index.js:13:50
37 silly fetchPackageMetaData     at /usr/local/lib/node_modules/npm/lib/utils/pulse-till-done.js:20:8
37 silly fetchPackageMetaData     at saved (/usr/local/lib/node_modules/npm/lib/cache/caching-client.js:174:7)
37 silly fetchPackageMetaData     at /usr/local/lib/node_modules/npm/node_modules/graceful-fs/polyfills.js:241:18
37 silly fetchPackageMetaData     at FSReqWrap.oncomplete (fs.js:123:15)
37 silly fetchPackageMetaData  error for antd@2.60 { Error: No compatible version found: antd@2.60
37 silly fetchPackageMetaData Valid install targets:
37 silly fetchPackageMetaData 2.7.2, 2.7.1, 2.7.0, 2.6.4, 2.6.3, 2.6.2, 2.6.1, 2.6.0, 2.5.3, 2.5.2, 2.5.1, 2.5.0, 2.4.3, 2.4.2, 2.4.1, 2.4.0, 2.3.2, 2.3.1, 2.3.0, 2.2.1, 2.2.0, 2.1.0, 2.0.1, 2.0.0, 2.0.0-beta.13, 2.0.0-beta.12, 2.0.0-beta.11, 2.0.0-beta.10, 2.0.0-beta.9, 2.0.0-beta.8, 2.0.0-beta.7, 2.0.0-beta.6, 2.0.0-beta.5, 2.0.0-beta.4, 2.0.0-beta.3, 2.0.0-beta.2, 2.0.0-beta.1, 2.0.0-beta.0, 1.11.6, 1.11.5, 1.11.4, 1.11.3, 1.11.2, 1.11.1, 1.11.0, 1.10.0, 1.9.1, 1.9.0, 1.8.0, 1.7.0, 1.6.5, 1.6.4, 1.6.3, 1.6.2, 1.6.1, 1.6.0, 1.5.1, 1.5.0, 1.4.1, 1.4.0, 1.3.2, 1.3.1, 1.3.0, 1.2.1, 1.2.0, 1.1.0, 1.0.1, 1.0.0, 1.0.0-beta.10, 1.0.0-beta.9, 1.0.0-beta.8, 1.0.0-beta.7, 1.0.0-beta.6, 1.0.0-beta.5, 1.0.0-beta.4, 1.0.0-beta.3, 1.0.0-beta.2, 1.0.0-beta.1, 1.0.0-beta.0, 1.0.0-beta, 0.12.17, 0.12.16, 0.12.15, 0.12.14, 0.12.13, 0.12.12, 0.12.11, 0.12.11-beta, 0.12.10, 0.12.8, 0.12.7, 0.12.6, 0.12.5, 0.12.4, 0.12.3, 0.12.2, 0.12.1, 0.12.0, 0.12.0-beta.34, 0.12.0-beta.33, 0.12.0-beta.32, 0.12.0-beta.31, 0.12.0-beta.30, 0.12.0-beta.29, 0.12.0-beta.28, 0.12.0-beta.27, 0.12.0-beta.26, 0.12.0-beta.25, 0.12.0-beta.24, 0.12.0-beta.23, 0.12.0-beta.22, 0.12.0-beta.21, 0.12.0-beta.20, 0.12.0-beta.19, 0.12.0-beta.18, 0.12.0-beta.17, 0.12.0-beta.16, 0.12.0-beta.15, 0.12.0-beta.14, 0.12.0-beta.13, 0.12.0-beta.12, 0.12.0-beta.11, 0.12.0-beta.10, 0.11.3, 0.11.2, 0.11.1, 0.11.0, 0.11.0-beta6, 0.11.0-beta5, 0.11.0-beta4, 0.11.0-beta3, 0.11.0-beta2, 0.11.0-beta1, 0.10.5, 0.10.4, 0.10.3, 0.10.2, 0.10.1, 0.10.0, 0.10.0-beta9, 0.10.0-beta8, 0.10.0-beta7, 0.10.0-beta6, 0.10.0-beta5, 0.10.0-beta4, 0.10.0-beta30, 0.10.0-beta3, 0.10.0-beta29, 0.10.0-beta28, 0.10.0-beta27, 0.10.0-beta26, 0.10.0-beta25, 0.10.0-beta23, 0.10.0-beta22, 0.10.0-beta21, 0.10.0-beta20, 0.10.0-beta2, 0.10.0-beta19, 0.10.0-beta18, 0.10.0-beta17, 0.10.0-beta16, 0.10.0-beta15, 0.10.0-beta14, 0.10.0-beta13, 0.10.0-beta12, 0.10.0-beta11, 0.10.0-beta10, 0.9.5, 0.9.4, 0.9.3, 0.9.2, 0.9.1, 0.9.1-beta9, 0.9.1-beta7, 0.9.1-beta6, 0.9.1-beta5, 0.9.1-beta4, 0.9.1-beta3, 0.9.1-beta2, 0.9.1-beta13, 0.9.1-beta12, 0.9.1-beta11, 0.9.1-beta10, 0.9.1-beta1, 0.9.0, 0.9.0-beta9, 0.9.0-beta8, 0.9.0-beta7, 0.9.0-beta6, 0.9.0-beta5, 0.9.0-beta4, 0.9.0-beta3, 0.9.0-beta2, 0.9.0-beta10, 0.9.0-beta1, 0.8.1-beta1, 0.8.0, 0.8.0-beta7, 0.8.0-beta6, 0.8.0-beta5, 0.8.0-beta4, 0.8.0-beta3, 0.8.0-beta2, 0.8.0-beta1, 0.7.3, 0.7.3-beta6, 0.7.3-beta5, 0.7.3-beta4, 0.7.3-beta3, 0.7.3-beta2, 0.7.3-beta1, 0.7.2, 0.7.1, 0.7.0, 0.7.0-beta3, 0.7.0-beta2, 0.7.0-beta1, 0.1.0-pre, 0.1.0-beta2, 0.0.1
37 silly fetchPackageMetaData
37 silly fetchPackageMetaData     at pickVersionFromRegistryDocument (/usr/local/lib/node_modules/npm/lib/fetch-package-metadata.js:178:16)
37 silly fetchPackageMetaData     at /usr/local/lib/node_modules/npm/node_modules/iferr/index.js:13:50
37 silly fetchPackageMetaData     at /usr/local/lib/node_modules/npm/lib/utils/pulse-till-done.js:20:8
37 silly fetchPackageMetaData     at saved (/usr/local/lib/node_modules/npm/lib/cache/caching-client.js:174:7)
37 silly fetchPackageMetaData     at /usr/local/lib/node_modules/npm/node_modules/graceful-fs/polyfills.js:241:18
37 silly fetchPackageMetaData     at FSReqWrap.oncomplete (fs.js:123:15) code: 'ETARGET' }
38 silly rollbackFailedOptional Starting
39 silly rollbackFailedOptional Finishing
40 silly runTopLevelLifecycles Finishing
41 silly install printInstalled
42 verbose stack Error: No compatible version found: antd@2.60
42 verbose stack Valid install targets:
42 verbose stack 2.7.2, 2.7.1, 2.7.0, 2.6.4, 2.6.3, 2.6.2, 2.6.1, 2.6.0, 2.5.3, 2.5.2, 2.5.1, 2.5.0, 2.4.3, 2.4.2, 2.4.1, 2.4.0, 2.3.2, 2.3.1, 2.3.0, 2.2.1, 2.2.0, 2.1.0, 2.0.1, 2.0.0, 2.0.0-beta.13, 2.0.0-beta.12, 2.0.0-beta.11, 2.0.0-beta.10, 2.0.0-beta.9, 2.0.0-beta.8, 2.0.0-beta.7, 2.0.0-beta.6, 2.0.0-beta.5, 2.0.0-beta.4, 2.0.0-beta.3, 2.0.0-beta.2, 2.0.0-beta.1, 2.0.0-beta.0, 1.11.6, 1.11.5, 1.11.4, 1.11.3, 1.11.2, 1.11.1, 1.11.0, 1.10.0, 1.9.1, 1.9.0, 1.8.0, 1.7.0, 1.6.5, 1.6.4, 1.6.3, 1.6.2, 1.6.1, 1.6.0, 1.5.1, 1.5.0, 1.4.1, 1.4.0, 1.3.2, 1.3.1, 1.3.0, 1.2.1, 1.2.0, 1.1.0, 1.0.1, 1.0.0, 1.0.0-beta.10, 1.0.0-beta.9, 1.0.0-beta.8, 1.0.0-beta.7, 1.0.0-beta.6, 1.0.0-beta.5, 1.0.0-beta.4, 1.0.0-beta.3, 1.0.0-beta.2, 1.0.0-beta.1, 1.0.0-beta.0, 1.0.0-beta, 0.12.17, 0.12.16, 0.12.15, 0.12.14, 0.12.13, 0.12.12, 0.12.11, 0.12.11-beta, 0.12.10, 0.12.8, 0.12.7, 0.12.6, 0.12.5, 0.12.4, 0.12.3, 0.12.2, 0.12.1, 0.12.0, 0.12.0-beta.34, 0.12.0-beta.33, 0.12.0-beta.32, 0.12.0-beta.31, 0.12.0-beta.30, 0.12.0-beta.29, 0.12.0-beta.28, 0.12.0-beta.27, 0.12.0-beta.26, 0.12.0-beta.25, 0.12.0-beta.24, 0.12.0-beta.23, 0.12.0-beta.22, 0.12.0-beta.21, 0.12.0-beta.20, 0.12.0-beta.19, 0.12.0-beta.18, 0.12.0-beta.17, 0.12.0-beta.16, 0.12.0-beta.15, 0.12.0-beta.14, 0.12.0-beta.13, 0.12.0-beta.12, 0.12.0-beta.11, 0.12.0-beta.10, 0.11.3, 0.11.2, 0.11.1, 0.11.0, 0.11.0-beta6, 0.11.0-beta5, 0.11.0-beta4, 0.11.0-beta3, 0.11.0-beta2, 0.11.0-beta1, 0.10.5, 0.10.4, 0.10.3, 0.10.2, 0.10.1, 0.10.0, 0.10.0-beta9, 0.10.0-beta8, 0.10.0-beta7, 0.10.0-beta6, 0.10.0-beta5, 0.10.0-beta4, 0.10.0-beta30, 0.10.0-beta3, 0.10.0-beta29, 0.10.0-beta28, 0.10.0-beta27, 0.10.0-beta26, 0.10.0-beta25, 0.10.0-beta23, 0.10.0-beta22, 0.10.0-beta21, 0.10.0-beta20, 0.10.0-beta2, 0.10.0-beta19, 0.10.0-beta18, 0.10.0-beta17, 0.10.0-beta16, 0.10.0-beta15, 0.10.0-beta14, 0.10.0-beta13, 0.10.0-beta12, 0.10.0-beta11, 0.10.0-beta10, 0.9.5, 0.9.4, 0.9.3, 0.9.2, 0.9.1, 0.9.1-beta9, 0.9.1-beta7, 0.9.1-beta6, 0.9.1-beta5, 0.9.1-beta4, 0.9.1-beta3, 0.9.1-beta2, 0.9.1-beta13, 0.9.1-beta12, 0.9.1-beta11, 0.9.1-beta10, 0.9.1-beta1, 0.9.0, 0.9.0-beta9, 0.9.0-beta8, 0.9.0-beta7, 0.9.0-beta6, 0.9.0-beta5, 0.9.0-beta4, 0.9.0-beta3, 0.9.0-beta2, 0.9.0-beta10, 0.9.0-beta1, 0.8.1-beta1, 0.8.0, 0.8.0-beta7, 0.8.0-beta6, 0.8.0-beta5, 0.8.0-beta4, 0.8.0-beta3, 0.8.0-beta2, 0.8.0-beta1, 0.7.3, 0.7.3-beta6, 0.7.3-beta5, 0.7.3-beta4, 0.7.3-beta3, 0.7.3-beta2, 0.7.3-beta1, 0.7.2, 0.7.1, 0.7.0, 0.7.0-beta3, 0.7.0-beta2, 0.7.0-beta1, 0.1.0-pre, 0.1.0-beta2, 0.0.1
42 verbose stack
42 verbose stack     at pickVersionFromRegistryDocument (/usr/local/lib/node_modules/npm/lib/fetch-package-metadata.js:178:16)
42 verbose stack     at /usr/local/lib/node_modules/npm/node_modules/iferr/index.js:13:50
42 verbose stack     at /usr/local/lib/node_modules/npm/lib/utils/pulse-till-done.js:20:8
42 verbose stack     at saved (/usr/local/lib/node_modules/npm/lib/cache/caching-client.js:174:7)
42 verbose stack     at /usr/local/lib/node_modules/npm/node_modules/graceful-fs/polyfills.js:241:18
42 verbose stack     at FSReqWrap.oncomplete (fs.js:123:15)
43 verbose cwd /Users/i310258/Desktop/SAP/PI/PINote
44 error Darwin 16.4.0
45 error argv "/usr/local/bin/node" "/usr/local/bin/npm" "install" "--save" "antd@2.60"
46 error node v6.9.5
47 error npm  v3.10.10
48 error code ETARGET
49 error notarget No compatible version found: antd@2.60
49 error notarget Valid install targets:
49 error notarget 2.7.2, 2.7.1, 2.7.0, 2.6.4, 2.6.3, 2.6.2, 2.6.1, 2.6.0, 2.5.3, 2.5.2, 2.5.1, 2.5.0, 2.4.3, 2.4.2, 2.4.1, 2.4.0, 2.3.2, 2.3.1, 2.3.0, 2.2.1, 2.2.0, 2.1.0, 2.0.1, 2.0.0, 2.0.0-beta.13, 2.0.0-beta.12, 2.0.0-beta.11, 2.0.0-beta.10, 2.0.0-beta.9, 2.0.0-beta.8, 2.0.0-beta.7, 2.0.0-beta.6, 2.0.0-beta.5, 2.0.0-beta.4, 2.0.0-beta.3, 2.0.0-beta.2, 2.0.0-beta.1, 2.0.0-beta.0, 1.11.6, 1.11.5, 1.11.4, 1.11.3, 1.11.2, 1.11.1, 1.11.0, 1.10.0, 1.9.1, 1.9.0, 1.8.0, 1.7.0, 1.6.5, 1.6.4, 1.6.3, 1.6.2, 1.6.1, 1.6.0, 1.5.1, 1.5.0, 1.4.1, 1.4.0, 1.3.2, 1.3.1, 1.3.0, 1.2.1, 1.2.0, 1.1.0, 1.0.1, 1.0.0, 1.0.0-beta.10, 1.0.0-beta.9, 1.0.0-beta.8, 1.0.0-beta.7, 1.0.0-beta.6, 1.0.0-beta.5, 1.0.0-beta.4, 1.0.0-beta.3, 1.0.0-beta.2, 1.0.0-beta.1, 1.0.0-beta.0, 1.0.0-beta, 0.12.17, 0.12.16, 0.12.15, 0.12.14, 0.12.13, 0.12.12, 0.12.11, 0.12.11-beta, 0.12.10, 0.12.8, 0.12.7, 0.12.6, 0.12.5, 0.12.4, 0.12.3, 0.12.2, 0.12.1, 0.12.0, 0.12.0-beta.34, 0.12.0-beta.33, 0.12.0-beta.32, 0.12.0-beta.31, 0.12.0-beta.30, 0.12.0-beta.29, 0.12.0-beta.28, 0.12.0-beta.27, 0.12.0-beta.26, 0.12.0-beta.25, 0.12.0-beta.24, 0.12.0-beta.23, 0.12.0-beta.22, 0.12.0-beta.21, 0.12.0-beta.20, 0.12.0-beta.19, 0.12.0-beta.18, 0.12.0-beta.17, 0.12.0-beta.16, 0.12.0-beta.15, 0.12.0-beta.14, 0.12.0-beta.13, 0.12.0-beta.12, 0.12.0-beta.11, 0.12.0-beta.10, 0.11.3, 0.11.2, 0.11.1, 0.11.0, 0.11.0-beta6, 0.11.0-beta5, 0.11.0-beta4, 0.11.0-beta3, 0.11.0-beta2, 0.11.0-beta1, 0.10.5, 0.10.4, 0.10.3, 0.10.2, 0.10.1, 0.10.0, 0.10.0-beta9, 0.10.0-beta8, 0.10.0-beta7, 0.10.0-beta6, 0.10.0-beta5, 0.10.0-beta4, 0.10.0-beta30, 0.10.0-beta3, 0.10.0-beta29, 0.10.0-beta28, 0.10.0-beta27, 0.10.0-beta26, 0.10.0-beta25, 0.10.0-beta23, 0.10.0-beta22, 0.10.0-beta21, 0.10.0-beta20, 0.10.0-beta2, 0.10.0-beta19, 0.10.0-beta18, 0.10.0-beta17, 0.10.0-beta16, 0.10.0-beta15, 0.10.0-beta14, 0.10.0-beta13, 0.10.0-beta12, 0.10.0-beta11, 0.10.0-beta10, 0.9.5, 0.9.4, 0.9.3, 0.9.2, 0.9.1, 0.9.1-beta9, 0.9.1-beta7, 0.9.1-beta6, 0.9.1-beta5, 0.9.1-beta4, 0.9.1-beta3, 0.9.1-beta2, 0.9.1-beta13, 0.9.1-beta12, 0.9.1-beta11, 0.9.1-beta10, 0.9.1-beta1, 0.9.0, 0.9.0-beta9, 0.9.0-beta8, 0.9.0-beta7, 0.9.0-beta6, 0.9.0-beta5, 0.9.0-beta4, 0.9.0-beta3, 0.9.0-beta2, 0.9.0-beta10, 0.9.0-beta1, 0.8.1-beta1, 0.8.0, 0.8.0-beta7, 0.8.0-beta6, 0.8.0-beta5, 0.8.0-beta4, 0.8.0-beta3, 0.8.0-beta2, 0.8.0-beta1, 0.7.3, 0.7.3-beta6, 0.7.3-beta5, 0.7.3-beta4, 0.7.3-beta3, 0.7.3-beta2, 0.7.3-beta1, 0.7.2, 0.7.1, 0.7.0, 0.7.0-beta3, 0.7.0-beta2, 0.7.0-beta1, 0.1.0-pre, 0.1.0-beta2, 0.0.1
50 error notarget This is most likely not a problem with npm itself.
50 error notarget In most cases you or one of your dependencies are requesting
50 error notarget a package version that doesn't exist.
51 verbose exit [ 1, true ]
